[debug] [2023-06-24T15:33:05.541Z] ----------------------------------------------------------------------
[debug] [2023-06-24T15:33:05.542Z] Command:       /usr/local/bin/node /usr/local/bin/firebase deploy
[debug] [2023-06-24T15:33:05.542Z] CLI Version:   11.21.0
[debug] [2023-06-24T15:33:05.543Z] Platform:      darwin
[debug] [2023-06-24T15:33:05.543Z] Node Version:  v16.13.1
[debug] [2023-06-24T15:33:05.544Z] Time:          Sat Jun 24 2023 23:33:05 GMT+0800 (香港標準時間)
[debug] [2023-06-24T15:33:05.544Z] ----------------------------------------------------------------------
[debug] 
[debug] [2023-06-24T15:33:05.578Z] > command requires scopes: ["email","openid","https://www.googleapis.com/auth/cloudplatformprojects.readonly","https://www.googleapis.com/auth/firebase","https://www.googleapis.com/auth/cloud-platform"]
[debug] [2023-06-24T15:33:05.578Z] > authorizing via signed-in user (hkmleague.dev@gmail.com)
[debug] [2023-06-24T15:33:05.578Z] [iam] checking project hk-m-league for permissions ["firebase.projects.get","firebasehosting.sites.update"]
[debug] [2023-06-24T15:33:05.579Z] > refreshing access token with scopes: []
[debug] [2023-06-24T15:33:05.580Z] >>> [apiv2][query] POST https://www.googleapis.com/oauth2/v3/token [none]
[debug] [2023-06-24T15:33:05.580Z] >>> [apiv2][body] POST https://www.googleapis.com/oauth2/v3/token [omitted]
[debug] [2023-06-24T15:33:05.737Z] <<< [apiv2][status] POST https://www.googleapis.com/oauth2/v3/token 200
[debug] [2023-06-24T15:33:05.737Z] <<< [apiv2][body] POST https://www.googleapis.com/oauth2/v3/token [omitted]
[debug] [2023-06-24T15:33:05.749Z] >>> [apiv2][query] POST https://cloudresourcemanager.googleapis.com/v1/projects/hk-m-league:testIamPermissions [none]
[debug] [2023-06-24T15:33:05.750Z] >>> [apiv2][(partial)header] POST https://cloudresourcemanager.googleapis.com/v1/projects/hk-m-league:testIamPermissions x-goog-quota-user=projects/hk-m-league
[debug] [2023-06-24T15:33:05.750Z] >>> [apiv2][body] POST https://cloudresourcemanager.googleapis.com/v1/projects/hk-m-league:testIamPermissions {"permissions":["firebase.projects.get","firebasehosting.sites.update"]}
[debug] [2023-06-24T15:33:06.717Z] <<< [apiv2][status] POST https://cloudresourcemanager.googleapis.com/v1/projects/hk-m-league:testIamPermissions 200
[debug] [2023-06-24T15:33:06.717Z] <<< [apiv2][body] POST https://cloudresourcemanager.googleapis.com/v1/projects/hk-m-league:testIamPermissions {"permissions":["firebase.projects.get","firebasehosting.sites.update"]}
[debug] [2023-06-24T15:33:06.718Z] >>> [apiv2][query] GET https://firebase.googleapis.com/v1beta1/projects/hk-m-league [none]
[debug] [2023-06-24T15:33:06.994Z] <<< [apiv2][status] GET https://firebase.googleapis.com/v1beta1/projects/hk-m-league 200
[debug] [2023-06-24T15:33:06.994Z] <<< [apiv2][body] GET https://firebase.googleapis.com/v1beta1/projects/hk-m-league {"projectId":"hk-m-league","projectNumber":"624803752404","displayName":"HK M-League","name":"projects/hk-m-league","resources":{"hostingSite":"hk-m-league","realtimeDatabaseInstance":"hk-m-league-default-rtdb","storageBucket":"hk-m-league.appspot.com","locationId":"asia-northeast3"},"state":"ACTIVE","etag":"1_324e0597-6aad-4a55-929b-793a5a290abf"}
[info] 
[info] === Deploying to 'hk-m-league'...
[info] 
[info] i  deploying hosting 
[debug] [2023-06-24T15:33:06.996Z] >>> [apiv2][query] POST https://firebasehosting.googleapis.com/v1beta1/projects/-/sites/hk-m-league/versions [none]
[debug] [2023-06-24T15:33:06.996Z] >>> [apiv2][body] POST https://firebasehosting.googleapis.com/v1beta1/projects/-/sites/hk-m-league/versions {"status":"CREATED","labels":{"deployment-tool":"cli-firebase"}}
[debug] [2023-06-24T15:33:07.740Z] <<< [apiv2][status] POST https://firebasehosting.googleapis.com/v1beta1/projects/-/sites/hk-m-league/versions 200
[debug] [2023-06-24T15:33:07.740Z] <<< [apiv2][body] POST https://firebasehosting.googleapis.com/v1beta1/projects/-/sites/hk-m-league/versions {"name":"projects/624803752404/sites/hk-m-league/versions/fe98f7a303fa5101","status":"CREATED","config":{},"labels":{"deployment-tool":"cli-firebase"}}
[info] i  hosting[hk-m-league]: beginning deploy... 
[info] i  hosting[hk-m-league]: found 32 files in build 
[debug] [2023-06-24T15:33:07.747Z] [hosting] uploading with 200 concurrency
[debug] [2023-06-24T15:33:08.289Z] [hosting] hash cache [YnVpbGQ] stored for 32 files
[debug] [2023-06-24T15:33:08.289Z] [hosting][hash queue][FINAL] {"max":536,"min":9,"avg":70.78125,"active":0,"complete":32,"success":32,"errored":0,"retried":0,"total":32,"elapsed":540}
[debug] [2023-06-24T15:33:08.289Z] >>> [apiv2][query] POST https://firebasehosting.googleapis.com/v1beta1/projects/624803752404/sites/hk-m-league/versions/fe98f7a303fa5101:populateFiles [none]
[debug] [2023-06-24T15:33:08.289Z] >>> [apiv2][body] POST https://firebasehosting.googleapis.com/v1beta1/projects/624803752404/sites/hk-m-league/versions/fe98f7a303fa5101:populateFiles {"files":{"/android-chrome-192x192.png":"44ccd1ce3b50bf2ee70c3077c657c2a23e5c23a9a78384ab514e454ef4985e99","/favicon-16x16.png":"f03fb0a276144e774bdeebf478a9a5abba2a911d4ac5caa073b4bb309347716e","/asset-manifest.json":"4c1519a4a6ff50db36651e8c54728b915f23caa4ebe5c4d2a94fddb114999b17","/favicon-32x32.png":"8a4814edf451f5204a2f7b606d2066d28211569e80178f3d84b57c6098bc5f4e","/browserconfig.xml":"e85bbe5572dbbdf2a762810440c95be503a064d16fb6d934e1616106f3436bee","/apple-touch-icon.png":"fe1842fc1d3e751c04b5e39e0608984f58570eeafe1d443ab137076b57310ef0","/index-static.css":"fb55a5965a824ec44aba8ddabdb9151d9594f615d6332d0647e0ea3b0244afe1","/logo192.png":"caff018b7f1e8fd481eb1c50d75b0ef236bcd5078b1d15c8bb348453fee30293","/index.html":"a97496218a18878d05c588e06a920556f35cdb8792695345a2d4afdfdb6ebad8","/logo512.png":"191fc21360b4ccfb1cda11a1efb97f489ed22672ca83f4064316802bbfdd750e","/robots.txt":"391d14b3c2f8c9143a27a28c7399585142228d4d1bdbe2c87ac946de411fa9a2","/site.webmanifest":"c4513080a701b810db81b4e22f6600fc209920834f0060c9b175cec400fbbbd6","/mstile-150x150.png":"3c8f37b71d10a7d26e0ff27687cebebc085aaa521471cac57530727c6e925879","/safari-pinned-tab.svg":"ce852e0cf693307a60fd9f146fb610a4cba3cb5dae07b167494b7ac4ce440bc3","/favicon.ico":"6c2c58308ca9bb1f92630688e11769674823f27e24f0c3b18b894b2e7958f25b","/images/hkmsca-logo.png":"4dac2dd7b63b4831c2ac4517ec326e152c895ac8f0eb15d46a3c87d52f5bcb4a","/images/portrait-placeholder.jpeg":"dd872a2ee990341f4006db4a06ea0200588be6dea2f7617f296fc58338c08460","/images/score-hundred.png":"ccb8beb15470d47f85433e32ffec034a5b8082ec1c4d7c4b4a17202311ca29db","/images/score-thousand.png":"dd38a9f09dc0de11acb992eda43ed72af5b2a4e4ecdbdbc7ee2cbad767a3cd61","/static/css/main.8c9d80a2.css":"a059a1352351cda15ed81aec8a504b6665089109acbbc4bdafc81d6ed52b6412","/static/css/main.8c9d80a2.css.map":"0fa70e5db649cc3c46c9fd5129e767cb9130cf33c56666d41c10d7503af67640","/static/js/496.5fab8ce0.chunk.js":"eaa7ada2887fd6bd6ef73bd526973a71c781ba0963bd069682996402aef0b0cb","/static/js/496.5fab8ce0.chunk.js.map":"8443428b872e2fe52447d488174d0f3195cad5b8d3ad83f275ffc573f10e4884","/static/js/main.a1d8bbac.js.LICENSE.txt":"24e24acaea5b82ff30f549bd501215e49922bb5895cf5f422244170fb32956e2","/static/js/main.a1d8bbac.js":"3d53982905dc8a78ee4f3c25b88e16d019417213ff25cf3f43021da5a831f97a","/images/mahjong-tiles.png":"eef9e26d2b84896a52ae3d70a721fa98eb471d183af8ce1849d1965a857dcebe","/images/mahjong-tiles-x2.png":"9b5757d5ae2bd006e2be556501e98b3f8c2cbd617ec9f17545d8a9d92350f88a","/static/js/main.a1d8bbac.js.map":"97d4f9a413e1d821623269d9ce051bf996b6902fe3df6075f4fcf3e1472eac39","/fonts/YuPearl-Regular.ttf":"7da036f75a6d03afd0a465c6ac8082b9de8591c4dcd59cbf690296102579f9d3","/fonts/KurewaGothicCjkTc-Bold.ttf":"25fea5ad46e6a96327a54a0e62953e781a7ed91380d3f8270fe07058368165a5","/fonts/UDDigiKyokashoN-B.ttc":"c271725a2fa0222ee24d2515ad5efc707558640ff762131e16ddb623af5993cd","/fonts/Iansui-Regular.ttf":"67e160d7d552946655d5947dff9d36b80ba1c50821511dc2526a488a55f2a5ae"}}
[debug] [2023-06-24T15:33:08.836Z] <<< [apiv2][status] POST https://firebasehosting.googleapis.com/v1beta1/projects/624803752404/sites/hk-m-league/versions/fe98f7a303fa5101:populateFiles 200
[debug] [2023-06-24T15:33:08.836Z] <<< [apiv2][body] POST https://firebasehosting.googleapis.com/v1beta1/projects/624803752404/sites/hk-m-league/versions/fe98f7a303fa5101:populateFiles {"uploadRequiredHashes":["4c1519a4a6ff50db36651e8c54728b915f23caa4ebe5c4d2a94fddb114999b17","a059a1352351cda15ed81aec8a504b6665089109acbbc4bdafc81d6ed52b6412","3d53982905dc8a78ee4f3c25b88e16d019417213ff25cf3f43021da5a831f97a","97d4f9a413e1d821623269d9ce051bf996b6902fe3df6075f4fcf3e1472eac39","0fa70e5db649cc3c46c9fd5129e767cb9130cf33c56666d41c10d7503af67640","a97496218a18878d05c588e06a920556f35cdb8792695345a2d4afdfdb6ebad8"],"uploadUrl":"https://upload-firebasehosting.googleapis.com/upload/sites/hk-m-league/versions/fe98f7a303fa5101/files"}
[debug] [2023-06-24T15:33:08.837Z] >>> [apiv2][query] POST https://upload-firebasehosting.googleapis.com/upload/sites/hk-m-league/versions/fe98f7a303fa5101/files/4c1519a4a6ff50db36651e8c54728b915f23caa4ebe5c4d2a94fddb114999b17 [none]
[debug] [2023-06-24T15:33:08.837Z] >>> [apiv2][body] POST https://upload-firebasehosting.googleapis.com/upload/sites/hk-m-league/versions/fe98f7a303fa5101/files/4c1519a4a6ff50db36651e8c54728b915f23caa4ebe5c4d2a94fddb114999b17 [stream]
[debug] [2023-06-24T15:33:08.838Z] >>> [apiv2][query] POST https://upload-firebasehosting.googleapis.com/upload/sites/hk-m-league/versions/fe98f7a303fa5101/files/a059a1352351cda15ed81aec8a504b6665089109acbbc4bdafc81d6ed52b6412 [none]
[debug] [2023-06-24T15:33:08.838Z] >>> [apiv2][body] POST https://upload-firebasehosting.googleapis.com/upload/sites/hk-m-league/versions/fe98f7a303fa5101/files/a059a1352351cda15ed81aec8a504b6665089109acbbc4bdafc81d6ed52b6412 [stream]
[debug] [2023-06-24T15:33:08.839Z] >>> [apiv2][query] POST https://upload-firebasehosting.googleapis.com/upload/sites/hk-m-league/versions/fe98f7a303fa5101/files/3d53982905dc8a78ee4f3c25b88e16d019417213ff25cf3f43021da5a831f97a [none]
[debug] [2023-06-24T15:33:08.839Z] >>> [apiv2][body] POST https://upload-firebasehosting.googleapis.com/upload/sites/hk-m-league/versions/fe98f7a303fa5101/files/3d53982905dc8a78ee4f3c25b88e16d019417213ff25cf3f43021da5a831f97a [stream]
[debug] [2023-06-24T15:33:08.839Z] >>> [apiv2][query] POST https://upload-firebasehosting.googleapis.com/upload/sites/hk-m-league/versions/fe98f7a303fa5101/files/97d4f9a413e1d821623269d9ce051bf996b6902fe3df6075f4fcf3e1472eac39 [none]
[debug] [2023-06-24T15:33:08.839Z] >>> [apiv2][body] POST https://upload-firebasehosting.googleapis.com/upload/sites/hk-m-league/versions/fe98f7a303fa5101/files/97d4f9a413e1d821623269d9ce051bf996b6902fe3df6075f4fcf3e1472eac39 [stream]
[debug] [2023-06-24T15:33:08.840Z] >>> [apiv2][query] POST https://upload-firebasehosting.googleapis.com/upload/sites/hk-m-league/versions/fe98f7a303fa5101/files/0fa70e5db649cc3c46c9fd5129e767cb9130cf33c56666d41c10d7503af67640 [none]
[debug] [2023-06-24T15:33:08.840Z] >>> [apiv2][body] POST https://upload-firebasehosting.googleapis.com/upload/sites/hk-m-league/versions/fe98f7a303fa5101/files/0fa70e5db649cc3c46c9fd5129e767cb9130cf33c56666d41c10d7503af67640 [stream]
[debug] [2023-06-24T15:33:08.840Z] >>> [apiv2][query] POST https://upload-firebasehosting.googleapis.com/upload/sites/hk-m-league/versions/fe98f7a303fa5101/files/a97496218a18878d05c588e06a920556f35cdb8792695345a2d4afdfdb6ebad8 [none]
[debug] [2023-06-24T15:33:08.840Z] >>> [apiv2][body] POST https://upload-firebasehosting.googleapis.com/upload/sites/hk-m-league/versions/fe98f7a303fa5101/files/a97496218a18878d05c588e06a920556f35cdb8792695345a2d4afdfdb6ebad8 [stream]
[debug] [2023-06-24T15:33:08.841Z] [hosting][populate queue][FINAL] {"max":550,"min":550,"avg":550,"active":0,"complete":1,"success":1,"errored":0,"retried":0,"total":1,"elapsed":554}
[debug] [2023-06-24T15:33:08.841Z] [hosting] uploads queued: 6
